<?xml version="1.0" encoding="UTF-8"?>
<!-- Generated by org.testng.reporters.JUnitReportReporter -->
<testsuite hostname="DXCINDAI694979" failures="0" tests="2" name="com.TestNGExecution" time="0.001" errors="0" timestamp="19 Jul 2018 09:04:40 GMT" skipped="0">
  <testcase classname="com.TestNGExecution" name="f2" time="0.000"/>
  <testcase classname="com.TestNGExecution" name="f1" time="0.001"/>
</testsuite> <!-- com.TestNGExecution -->
