<?xml version="1.0" encoding="UTF-8"?>
<!-- Generated by org.testng.reporters.JUnitReportReporter -->
<testsuite hostname="DXCINDAI694979" failures="0" tests="2" name="com.TestNGExampleGoogleSearch" time="20.070" errors="0" timestamp="19 Jul 2018 08:03:46 GMT" skipped="0">
  <testcase classname="com.TestNGExampleGoogleSearch" name="f1" time="11.533"/>
  <testcase classname="com.TestNGExampleGoogleSearch" name="f1" time="8.537"/>
</testsuite> <!-- com.TestNGExampleGoogleSearch -->
