<?xml version="1.0" encoding="UTF-8"?>
<!-- Generated by org.testng.reporters.JUnitReportReporter -->
<testsuite hostname="DXCINDAI694979" failures="0" tests="2" name="com.TestNGExecution" time="0.019" errors="0" timestamp="17 Jul 2018 12:41:45 GMT" skipped="0">
  <testcase classname="com.TestNGExecution" name="f1" time="0.012"/>
  <testcase classname="com.TestNGExecution" name="f2" time="0.007"/>
</testsuite> <!-- com.TestNGExecution -->
